<?xml version="1.0" encoding="UTF-8"?>
<testng-results total="1" passed="1" failed="0" skipped="0">
  <reporter-output>
  </reporter-output>
  <suite started-at="2024-10-04T20:53:46Z" name="Default suite" finished-at="2024-10-04T20:54:07Z" duration-ms="20867">
    <groups>
    </groups>
    <test started-at="2024-10-04T20:53:46Z" name="Default test" finished-at="2024-10-04T20:54:07Z" duration-ms="20867">
      <class name="test.Logintest">
        <test-method is-config="true" signature="setup()[pri:0, instance:test.Logintest@5f354bcf]" started-at="2024-10-04T15:53:46Z" name="setup" finished-at="2024-10-04T15:53:47Z" duration-ms="1003" status="PASS">
          <reporter-output>
          </reporter-output>
        </test-method> <!-- setup -->
        <test-method signature="getdata()[pri:0, instance:test.Logintest@5f354bcf]" started-at="2024-10-04T15:53:47Z" name="getdata" finished-at="2024-10-04T15:54:07Z" duration-ms="19835" status="PASS">
          <reporter-output>
          </reporter-output>
        </test-method> <!-- getdata -->
      </class> <!-- test.Logintest -->
    </test> <!-- Default test -->
  </suite> <!-- Default suite -->
</testng-results>
